<?xml version="1.0" encoding="UTF-8"?>
<testng-results ignored="0" total="1" passed="1" failed="0" skipped="0">
  <reporter-output>
  </reporter-output>
  <suite started-at="2025-03-01T01:05:59 IST" name="Suite" finished-at="2025-03-01T01:06:16 IST" duration-ms="17588">
    <groups>
      <group name="Master">
        <method signature="TC002_LogInTest.verifyLogIn()[pri:0, instance:testCases.TC002_LogInTest@5f9be66c]" name="verifyLogIn" class="testCases.TC002_LogInTest"/>
      </group> <!-- Master -->
      <group name="Sanity">
        <method signature="TC002_LogInTest.verifyLogIn()[pri:0, instance:testCases.TC002_LogInTest@5f9be66c]" name="verifyLogIn" class="testCases.TC002_LogInTest"/>
      </group> <!-- Sanity -->
    </groups>
    <test started-at="2025-03-01T01:05:59 IST" name="Test" finished-at="2025-03-01T01:06:16 IST" duration-ms="17588">
      <class name="testCases.TC002_LogInTest">
        <test-method is-config="true" signature="setup(java.lang.String,java.lang.String)[pri:0, instance:testCases.TC002_LogInTest@5f9be66c]" started-at="2025-03-01T01:05:59 IST" name="setup" finished-at="2025-03-01T01:06:08 IST" duration-ms="9479" status="PASS">
          <params>
            <param index="0">
              <value>
                <![CDATA[windows]]>
              </value>
            </param>
            <param index="1">
              <value>
                <![CDATA[chrome]]>
              </value>
            </param>
          </params>
          <reporter-output>
          </reporter-output>
        </test-method> <!-- setup -->
        <test-method signature="verifyLogIn()[pri:0, instance:testCases.TC002_LogInTest@5f9be66c]" started-at="2025-03-01T01:06:08 IST" name="verifyLogIn" finished-at="2025-03-01T01:06:16 IST" duration-ms="7373" status="PASS">
          <reporter-output>
          </reporter-output>
        </test-method> <!-- verifyLogIn -->
        <test-method is-config="true" signature="tearDown()[pri:0, instance:testCases.TC002_LogInTest@5f9be66c]" started-at="2025-03-01T01:06:16 IST" name="tearDown" finished-at="2025-03-01T01:06:16 IST" duration-ms="505" status="PASS">
          <reporter-output>
          </reporter-output>
        </test-method> <!-- tearDown -->
      </class> <!-- testCases.TC002_LogInTest -->
    </test> <!-- Test -->
  </suite> <!-- Suite -->
</testng-results>
